{"meta": {"version": "7.2.3", "timestamp": "2025-08-23T21:35:09.165135", "branch_coverage": false, "show_contexts": false}, "files": {"genesis/__main__.py": {"executed_lines": [], "summary": {"covered_lines": 0, "num_statements": 95, "percent_covered": 0.0, "percent_covered_display": "0", "missing_lines": 95, "excluded_lines": 2}, "missing_lines": [14, 15, 16, 17, 18, 21, 22, 24, 25, 28, 36, 38, 39, 40, 42, 45, 47, 48, 49, 51, 52, 54, 61, 63, 64, 67, 76, 77, 86, 87, 89, 90, 93, 96, 97, 98, 101, 103, 104, 106, 107, 108, 109, 111, 112, 113, 119, 120, 121, 123, 130, 131, 133, 134, 136, 137, 138, 139, 140, 141, 144, 145, 146, 148, 153, 154, 155, 156, 157, 158, 159, 162, 164, 166, 167, 168, 170, 171, 174, 177, 179, 181, 182, 184, 186, 187, 189, 196, 197, 199, 200, 201, 206, 213, 214], "excluded_lines": [217, 218]}, "genesis/utils/logger.py": {"executed_lines": [], "summary": {"covered_lines": 0, "num_statements": 113, "percent_covered": 0.0, "percent_covered_display": "0", "missing_lines": 113, "excluded_lines": 14}, "missing_lines": [23, 24, 25, 26, 27, 28, 30, 31, 34, 37, 38, 39, 40, 44, 57, 71, 73, 74, 75, 78, 79, 80, 83, 85, 88, 92, 93, 96, 120, 121, 123, 124, 125, 126, 127, 130, 131, 132, 135, 136, 147, 153, 154, 155, 158, 159, 160, 161, 162, 165, 172, 173, 179, 180, 183, 184, 185, 188, 219, 238, 239, 241, 244, 245, 247, 250, 260, 268, 269, 270, 272, 274, 275, 277, 279, 280, 283, 294, 310, 311, 312, 313, 314, 316, 318, 320, 321, 322, 324, 326, 328, 330, 336, 337, 338, 339, 340, 341, 343, 346, 367, 369, 376, 377, 378, 380, 381, 383, 385, 388, 401, 403, 404], "excluded_lines": [415, 417, 420, 421, 423, 424, 429, 430, 432, 435, 445, 454, 455, 462]}}, "totals": {"covered_lines": 0, "num_statements": 208, "percent_covered": 0.0, "percent_covered_display": "0", "missing_lines": 208, "excluded_lines": 16}}